[INFO  - 2019-08-07T04:54:59.391Z] GhostDriver - Main - running on port 60396
[INFO  - 2019-08-07T04:55:03.855Z] Session [84dfa0a0-b8cf-11e9-8fb1-576a63f6e476] - page.settings - {"XSSAuditingEnabled":false,"javascriptCanCloseWindows":true,"javascriptCanOpenWindows":true,"javascriptEnabled":true,"loadImages":true,"localToRemoteUrlAccessEnabled":false,"userAgent":"Mozilla/5.0 (Windows NT 6.2; WOW64) AppleWebKit/538.1 (KHTML, like Gecko) PhantomJS/2.1.1 Safari/538.1","webSecurityEnabled":true}
[INFO  - 2019-08-07T04:55:03.855Z] Session [84dfa0a0-b8cf-11e9-8fb1-576a63f6e476] - page.customHeaders:  - {}
[INFO  - 2019-08-07T04:55:03.855Z] Session [84dfa0a0-b8cf-11e9-8fb1-576a63f6e476] - Session.negotiatedCapabilities - {"browserName":"phantomjs","version":"2.1.1","driverName":"ghostdriver","driverVersion":"1.2.0","platform":"windows-10-32bit","javascriptEnabled":true,"takesScreenshot":true,"handlesAlerts":false,"databaseEnabled":false,"locationContextEnabled":false,"applicationCacheEnabled":false,"browserConnectionEnabled":false,"cssSelectorsEnabled":true,"webStorageEnabled":false,"rotatable":false,"acceptSslCerts":false,"nativeEvents":true,"proxy":{"proxyType":"direct"}}
[INFO  - 2019-08-07T04:55:03.855Z] SessionManagerReqHand - _postNewSessionCommand - New Session Created: 84dfa0a0-b8cf-11e9-8fb1-576a63f6e476
[ERROR - 2019-08-07T04:55:03.863Z] RouterReqHand - _handle.error - {"name":"Missing Command Parameter","message":"{\"headers\":{\"Accept\":\"application/json\",\"Accept-Encoding\":\"identity\",\"Content-Length\":\"72\",\"Content-Type\":\"application/json;charset=UTF-8\",\"Host\":\"127.0.0.1:60396\",\"User-Agent\":\"selenium/3.141.0 (python windows)\"},\"httpVersion\":\"1.1\",\"method\":\"POST\",\"post\":\"{\\\"pageLoad\\\": 50000, \\\"sessionId\\\": \\\"84dfa0a0-b8cf-11e9-8fb1-576a63f6e476\\\"}\",\"url\":\"/timeouts\",\"urlParsed\":{\"anchor\":\"\",\"query\":\"\",\"file\":\"timeouts\",\"directory\":\"/\",\"path\":\"/timeouts\",\"relative\":\"/timeouts\",\"port\":\"\",\"host\":\"\",\"password\":\"\",\"user\":\"\",\"userInfo\":\"\",\"authority\":\"\",\"protocol\":\"\",\"source\":\"/timeouts\",\"queryKey\":{},\"chunks\":[\"timeouts\"]},\"urlOriginal\":\"/session/84dfa0a0-b8cf-11e9-8fb1-576a63f6e476/timeouts\"}","line":546,"sourceURL":"phantomjs://code/session_request_handler.js","stack":"_postTimeout@phantomjs://code/session_request_handler.js:546:73\n_handle@phantomjs://code/session_request_handler.js:148:25\n_reroute@phantomjs://code/request_handler.js:61:20\n_handle@phantomjs://code/router_request_handler.js:78:46"}

  phantomjs://platform/console++.js:263 in error
[ERROR - 2019-08-07T04:55:05.956Z] Session [84dfa0a0-b8cf-11e9-8fb1-576a63f6e476] - page.onError - msg: Unhandled promise rejection TypeError: undefined is not an object (evaluating 't.searchParams.get')

  phantomjs://platform/console++.js:263 in error
[ERROR - 2019-08-07T04:55:05.957Z] Session [84dfa0a0-b8cf-11e9-8fb1-576a63f6e476] - page.onError - stack:
  (anonymous function) (https://player.cnevids.com/interlude/golfdigest.js:1)

  phantomjs://platform/console++.js:263 in error
[ERROR - 2019-08-07T04:55:13.672Z] Session [84dfa0a0-b8cf-11e9-8fb1-576a63f6e476] - page.onError - msg: TypeError: JSON.stringify cannot serialize cyclic structures.

  phantomjs://platform/console++.js:263 in error
[ERROR - 2019-08-07T04:55:13.672Z] Session [84dfa0a0-b8cf-11e9-8fb1-576a63f6e476] - page.onError - stack:
  stringify (https://www.medtargetsystem.com/javascript/beacon.js?v2.5.12:1)
  apply (:0)
  stringify (https://www.medtargetsystem.com/javascript/beacon.js?v2.5.12:1)
  read (https://www.medtargetsystem.com/javascript/beacon.js?v2.5.12:1)

  phantomjs://platform/console++.js:263 in error
