[INFO  - 2019-05-15T09:10:27.290Z] GhostDriver - Main - running on port 57499
[INFO  - 2019-05-15T09:10:31.660Z] Session [4a41c150-76f1-11e9-b12f-b19f3dd59a94] - page.settings - {"XSSAuditingEnabled":false,"javascriptCanCloseWindows":true,"javascriptCanOpenWindows":true,"javascriptEnabled":true,"loadImages":true,"localToRemoteUrlAccessEnabled":false,"userAgent":"Mozilla/5.0 (Windows NT 6.2; WOW64) AppleWebKit/538.1 (KHTML, like Gecko) PhantomJS/2.1.1 Safari/538.1","webSecurityEnabled":true}
[INFO  - 2019-05-15T09:10:31.660Z] Session [4a41c150-76f1-11e9-b12f-b19f3dd59a94] - page.customHeaders:  - {}
[INFO  - 2019-05-15T09:10:31.660Z] Session [4a41c150-76f1-11e9-b12f-b19f3dd59a94] - Session.negotiatedCapabilities - {"browserName":"phantomjs","version":"2.1.1","driverName":"ghostdriver","driverVersion":"1.2.0","platform":"windows-10-32bit","javascriptEnabled":true,"takesScreenshot":true,"handlesAlerts":false,"databaseEnabled":false,"locationContextEnabled":false,"applicationCacheEnabled":false,"browserConnectionEnabled":false,"cssSelectorsEnabled":true,"webStorageEnabled":false,"rotatable":false,"acceptSslCerts":false,"nativeEvents":true,"proxy":{"proxyType":"direct"}}
[INFO  - 2019-05-15T09:10:31.661Z] SessionManagerReqHand - _postNewSessionCommand - New Session Created: 4a41c150-76f1-11e9-b12f-b19f3dd59a94
[ERROR - 2019-05-15T09:10:34.903Z] Session [4a41c150-76f1-11e9-b12f-b19f3dd59a94] - page.onError - msg: TypeError: undefined is not a constructor (evaluating 'u.prepend(i)')

  phantomjs://platform/console++.js:263 in error
[ERROR - 2019-05-15T09:10:34.903Z] Session [4a41c150-76f1-11e9-b12f-b19f3dd59a94] - page.onError - stack:
  renderAd (https://static.bbc.co.uk/bbcdotcom/2.3.0/script/dist/bbcdotcom.js:6)
  exports (https://static.bbc.co.uk/bbcdotcom/2.3.0/script/dist/bbcdotcom.js:6)
  slotAsync (https://static.bbc.co.uk/bbcdotcom/2.3.0/script/dist/bbcdotcom.js:6)
  (anonymous function) (https://www.bbc.com/:551)

  phantomjs://platform/console++.js:263 in error
[ERROR - 2019-05-15T09:10:34.946Z] Session [4a41c150-76f1-11e9-b12f-b19f3dd59a94] - page.onError - msg: TypeError: undefined is not a constructor (evaluating 'u.prepend(i)')

  phantomjs://platform/console++.js:263 in error
[ERROR - 2019-05-15T09:10:34.946Z] Session [4a41c150-76f1-11e9-b12f-b19f3dd59a94] - page.onError - stack:
  renderAd (https://static.bbc.co.uk/bbcdotcom/2.3.0/script/dist/bbcdotcom.js:6)
  exports (https://static.bbc.co.uk/bbcdotcom/2.3.0/script/dist/bbcdotcom.js:6)
  slotAsync (https://static.bbc.co.uk/bbcdotcom/2.3.0/script/dist/bbcdotcom.js:6)
  (anonymous function) (https://www.bbc.com/:707)

  phantomjs://platform/console++.js:263 in error
[ERROR - 2019-05-15T09:10:35.022Z] Session [4a41c150-76f1-11e9-b12f-b19f3dd59a94] - page.onError - msg: TypeError: undefined is not a constructor (evaluating 'u.prepend(i)')

  phantomjs://platform/console++.js:263 in error
[ERROR - 2019-05-15T09:10:35.022Z] Session [4a41c150-76f1-11e9-b12f-b19f3dd59a94] - page.onError - stack:
  renderAd (https://static.bbc.co.uk/bbcdotcom/2.3.0/script/dist/bbcdotcom.js:6)
  exports (https://static.bbc.co.uk/bbcdotcom/2.3.0/script/dist/bbcdotcom.js:6)
  slotAsync (https://static.bbc.co.uk/bbcdotcom/2.3.0/script/dist/bbcdotcom.js:6)
  (anonymous function) (https://www.bbc.com/:1265)

  phantomjs://platform/console++.js:263 in error
